2015-11-08T12:49:54.306Z - error: Parameter 'query' must be a non-empty text string.
2015-11-08T12:50:12.997Z - error: Parameter 'query' must be a non-empty text string.
2015-11-08T12:52:41.376Z - error: Parameter 'query' must be a non-empty text string.
2015-11-08T12:53:38.773Z - error: Parameter 'query' must be a non-empty text string.
2015-11-08T12:54:22.729Z - error: Parameter 'query' must be a non-empty text string.
2015-11-08T12:54:29.296Z - error: Parameter 'query' must be a non-empty text string.
2015-11-08T12:54:34.693Z - error: Parameter 'query' must be a non-empty text string.
2015-11-08T12:55:02.363Z - error: Parameter 'query' must be a non-empty text string.
2015-11-08T12:55:35.171Z - error: Parameter 'query' must be a non-empty text string.
2015-11-08T12:57:10.466Z - error: Parameter 'query' must be a non-empty text string.
2015-11-08T12:57:34.839Z - error: Parameter 'query' must be a non-empty text string.
2015-11-08T12:58:05.665Z - error: Parameter 'query' must be a non-empty text string.
2015-11-08T12:58:56.268Z - error: Parameter 'query' must be a non-empty text string.
2015-11-08T12:59:52.275Z - error: Parameter 'query' must be a non-empty text string.
2015-11-08T13:00:58.573Z - error: Parameter 'query' must be a non-empty text string.
2015-11-17T14:01:10.931Z - error:  error: password authentication failed for user "wasadm"
    at Connection.parseE (/home/wasadm/node/sam.js/node_modules/pg-promise/node_modules/pg-core/lib/connection.js:543:15)
    at Connection.parseMessage (/home/wasadm/node/sam.js/node_modules/pg-promise/node_modules/pg-core/lib/connection.js:371:25)
    at Socket.<anonymous> (/home/wasadm/node/sam.js/node_modules/pg-promise/node_modules/pg-core/lib/connection.js:108:28)
    at Socket.emit (events.js:107:17)
    at readableAddChunk (_stream_readable.js:163:16)
    at Socket.Readable.push (_stream_readable.js:126:10)
    at TCP.onread (net.js:538:20)
2015-11-17T14:01:12.434Z - error:  error: password authentication failed for user "wasadm"
    at Connection.parseE (/home/wasadm/node/sam.js/node_modules/pg-promise/node_modules/pg-core/lib/connection.js:543:15)
    at Connection.parseMessage (/home/wasadm/node/sam.js/node_modules/pg-promise/node_modules/pg-core/lib/connection.js:371:25)
    at Socket.<anonymous> (/home/wasadm/node/sam.js/node_modules/pg-promise/node_modules/pg-core/lib/connection.js:108:28)
    at Socket.emit (events.js:107:17)
    at readableAddChunk (_stream_readable.js:163:16)
    at Socket.Readable.push (_stream_readable.js:126:10)
    at TCP.onread (net.js:538:20)
2015-11-17T14:44:24.135Z - debug:  error: relation "farm_iii" does not exist
    at Connection.parseE (/home/wasadm/node/sam.js/node_modules/pg-promise/node_modules/pg-core/lib/connection.js:543:15)
    at Connection.parseMessage (/home/wasadm/node/sam.js/node_modules/pg-promise/node_modules/pg-core/lib/connection.js:371:25)
    at Socket.<anonymous> (/home/wasadm/node/sam.js/node_modules/pg-promise/node_modules/pg-core/lib/connection.js:108:28)
    at Socket.emit (events.js:107:17)
    at readableAddChunk (_stream_readable.js:163:16)
    at Socket.Readable.push (_stream_readable.js:126:10)
    at TCP.onread (net.js:538:20)
2015-11-17T14:46:06.217Z - debug:  error: relation "farm_iii" does not exist
    at Connection.parseE (/home/wasadm/node/sam.js/node_modules/pg-promise/node_modules/pg-core/lib/connection.js:543:15)
    at Connection.parseMessage (/home/wasadm/node/sam.js/node_modules/pg-promise/node_modules/pg-core/lib/connection.js:371:25)
    at Socket.<anonymous> (/home/wasadm/node/sam.js/node_modules/pg-promise/node_modules/pg-core/lib/connection.js:108:28)
    at Socket.emit (events.js:107:17)
    at readableAddChunk (_stream_readable.js:163:16)
    at Socket.Readable.push (_stream_readable.js:126:10)
    at TCP.onread (net.js:538:20)
2015-11-17T14:46:08.336Z - debug:  error: relation "farm_iii" does not exist
    at Connection.parseE (/home/wasadm/node/sam.js/node_modules/pg-promise/node_modules/pg-core/lib/connection.js:543:15)
    at Connection.parseMessage (/home/wasadm/node/sam.js/node_modules/pg-promise/node_modules/pg-core/lib/connection.js:371:25)
    at Socket.<anonymous> (/home/wasadm/node/sam.js/node_modules/pg-promise/node_modules/pg-core/lib/connection.js:108:28)
    at Socket.emit (events.js:107:17)
    at readableAddChunk (_stream_readable.js:163:16)
    at Socket.Readable.push (_stream_readable.js:126:10)
    at TCP.onread (net.js:538:20)
2015-11-17T14:46:10.177Z - debug:  error: relation "farm_iii" does not exist
    at Connection.parseE (/home/wasadm/node/sam.js/node_modules/pg-promise/node_modules/pg-core/lib/connection.js:543:15)
    at Connection.parseMessage (/home/wasadm/node/sam.js/node_modules/pg-promise/node_modules/pg-core/lib/connection.js:371:25)
    at Socket.<anonymous> (/home/wasadm/node/sam.js/node_modules/pg-promise/node_modules/pg-core/lib/connection.js:108:28)
    at Socket.emit (events.js:107:17)
    at readableAddChunk (_stream_readable.js:163:16)
    at Socket.Readable.push (_stream_readable.js:126:10)
    at TCP.onread (net.js:538:20)
2015-11-17T14:46:12.552Z - debug:  error: relation "farm_iii" does not exist
    at Connection.parseE (/home/wasadm/node/sam.js/node_modules/pg-promise/node_modules/pg-core/lib/connection.js:543:15)
    at Connection.parseMessage (/home/wasadm/node/sam.js/node_modules/pg-promise/node_modules/pg-core/lib/connection.js:371:25)
    at Socket.<anonymous> (/home/wasadm/node/sam.js/node_modules/pg-promise/node_modules/pg-core/lib/connection.js:108:28)
    at Socket.emit (events.js:107:17)
    at readableAddChunk (_stream_readable.js:163:16)
    at Socket.Readable.push (_stream_readable.js:126:10)
    at TCP.onread (net.js:538:20)
2015-11-17T14:46:14.266Z - debug:  error: relation "farm_iii" does not exist
    at Connection.parseE (/home/wasadm/node/sam.js/node_modules/pg-promise/node_modules/pg-core/lib/connection.js:543:15)
    at Connection.parseMessage (/home/wasadm/node/sam.js/node_modules/pg-promise/node_modules/pg-core/lib/connection.js:371:25)
    at Socket.<anonymous> (/home/wasadm/node/sam.js/node_modules/pg-promise/node_modules/pg-core/lib/connection.js:108:28)
    at Socket.emit (events.js:107:17)
    at readableAddChunk (_stream_readable.js:163:16)
    at Socket.Readable.push (_stream_readable.js:126:10)
    at TCP.onread (net.js:538:20)
2015-11-17T14:46:16.004Z - debug:  error: relation "farm_iii" does not exist
    at Connection.parseE (/home/wasadm/node/sam.js/node_modules/pg-promise/node_modules/pg-core/lib/connection.js:543:15)
    at Connection.parseMessage (/home/wasadm/node/sam.js/node_modules/pg-promise/node_modules/pg-core/lib/connection.js:371:25)
    at Socket.<anonymous> (/home/wasadm/node/sam.js/node_modules/pg-promise/node_modules/pg-core/lib/connection.js:108:28)
    at Socket.emit (events.js:107:17)
    at readableAddChunk (_stream_readable.js:163:16)
    at Socket.Readable.push (_stream_readable.js:126:10)
    at TCP.onread (net.js:538:20)
2015-11-17T14:46:17.712Z - debug:  error: relation "farm_iii" does not exist
    at Connection.parseE (/home/wasadm/node/sam.js/node_modules/pg-promise/node_modules/pg-core/lib/connection.js:543:15)
    at Connection.parseMessage (/home/wasadm/node/sam.js/node_modules/pg-promise/node_modules/pg-core/lib/connection.js:371:25)
    at Socket.<anonymous> (/home/wasadm/node/sam.js/node_modules/pg-promise/node_modules/pg-core/lib/connection.js:108:28)
    at Socket.emit (events.js:107:17)
    at readableAddChunk (_stream_readable.js:163:16)
    at Socket.Readable.push (_stream_readable.js:126:10)
    at TCP.onread (net.js:538:20)
2015-11-17T14:48:52.548Z - debug:  error: relation "farm_iii" does not exist
    at Connection.parseE (/home/wasadm/node/sam.js/node_modules/pg-promise/node_modules/pg-core/lib/connection.js:543:15)
    at Connection.parseMessage (/home/wasadm/node/sam.js/node_modules/pg-promise/node_modules/pg-core/lib/connection.js:371:25)
    at Socket.<anonymous> (/home/wasadm/node/sam.js/node_modules/pg-promise/node_modules/pg-core/lib/connection.js:108:28)
    at Socket.emit (events.js:107:17)
    at readableAddChunk (_stream_readable.js:163:16)
    at Socket.Readable.push (_stream_readable.js:126:10)
    at TCP.onread (net.js:538:20)
2015-11-17T14:49:20.061Z - debug:  error: relation "farm_iii" does not exist
    at Connection.parseE (/home/wasadm/node/sam.js/node_modules/pg-promise/node_modules/pg-core/lib/connection.js:543:15)
    at Connection.parseMessage (/home/wasadm/node/sam.js/node_modules/pg-promise/node_modules/pg-core/lib/connection.js:371:25)
    at Socket.<anonymous> (/home/wasadm/node/sam.js/node_modules/pg-promise/node_modules/pg-core/lib/connection.js:108:28)
    at Socket.emit (events.js:107:17)
    at readableAddChunk (_stream_readable.js:163:16)
    at Socket.Readable.push (_stream_readable.js:126:10)
    at TCP.onread (net.js:538:20)
2015-11-17T14:49:34.979Z - debug:  error: relation "farm_iii" does not exist
    at Connection.parseE (/home/wasadm/node/sam.js/node_modules/pg-promise/node_modules/pg-core/lib/connection.js:543:15)
    at Connection.parseMessage (/home/wasadm/node/sam.js/node_modules/pg-promise/node_modules/pg-core/lib/connection.js:371:25)
    at Socket.<anonymous> (/home/wasadm/node/sam.js/node_modules/pg-promise/node_modules/pg-core/lib/connection.js:108:28)
    at Socket.emit (events.js:107:17)
    at readableAddChunk (_stream_readable.js:163:16)
    at Socket.Readable.push (_stream_readable.js:126:10)
    at TCP.onread (net.js:538:20)
2015-11-17T14:55:13.971Z - debug:  error: relation "farm_iii" does not exist
    at Connection.parseE (/home/wasadm/node/sam.js/node_modules/pg-promise/node_modules/pg-core/lib/connection.js:543:15)
    at Connection.parseMessage (/home/wasadm/node/sam.js/node_modules/pg-promise/node_modules/pg-core/lib/connection.js:371:25)
    at Socket.<anonymous> (/home/wasadm/node/sam.js/node_modules/pg-promise/node_modules/pg-core/lib/connection.js:108:28)
    at Socket.emit (events.js:107:17)
    at readableAddChunk (_stream_readable.js:163:16)
    at Socket.Readable.push (_stream_readable.js:126:10)
    at TCP.onread (net.js:538:20)
2015-11-17T14:56:19.338Z - debug:  error: relation "farm_iii" does not exist
    at Connection.parseE (/home/wasadm/node/sam.js/node_modules/pg-promise/node_modules/pg-core/lib/connection.js:543:15)
    at Connection.parseMessage (/home/wasadm/node/sam.js/node_modules/pg-promise/node_modules/pg-core/lib/connection.js:371:25)
    at Socket.<anonymous> (/home/wasadm/node/sam.js/node_modules/pg-promise/node_modules/pg-core/lib/connection.js:108:28)
    at Socket.emit (events.js:107:17)
    at readableAddChunk (_stream_readable.js:163:16)
    at Socket.Readable.push (_stream_readable.js:126:10)
    at TCP.onread (net.js:538:20)
2015-11-17T14:56:27.004Z - debug:  error: relation "farm_iii" does not exist
    at Connection.parseE (/home/wasadm/node/sam.js/node_modules/pg-promise/node_modules/pg-core/lib/connection.js:543:15)
    at Connection.parseMessage (/home/wasadm/node/sam.js/node_modules/pg-promise/node_modules/pg-core/lib/connection.js:371:25)
    at Socket.<anonymous> (/home/wasadm/node/sam.js/node_modules/pg-promise/node_modules/pg-core/lib/connection.js:108:28)
    at Socket.emit (events.js:107:17)
    at readableAddChunk (_stream_readable.js:163:16)
    at Socket.Readable.push (_stream_readable.js:126:10)
    at TCP.onread (net.js:538:20)
2015-11-17T14:56:34.883Z - debug:  error: relation "farm_iii" does not exist
    at Connection.parseE (/home/wasadm/node/sam.js/node_modules/pg-promise/node_modules/pg-core/lib/connection.js:543:15)
    at Connection.parseMessage (/home/wasadm/node/sam.js/node_modules/pg-promise/node_modules/pg-core/lib/connection.js:371:25)
    at Socket.<anonymous> (/home/wasadm/node/sam.js/node_modules/pg-promise/node_modules/pg-core/lib/connection.js:108:28)
    at Socket.emit (events.js:107:17)
    at readableAddChunk (_stream_readable.js:163:16)
    at Socket.Readable.push (_stream_readable.js:126:10)
    at TCP.onread (net.js:538:20)
2015-11-17T14:56:48.102Z - debug:  error: relation "farm_iii" does not exist
    at Connection.parseE (/home/wasadm/node/sam.js/node_modules/pg-promise/node_modules/pg-core/lib/connection.js:543:15)
    at Connection.parseMessage (/home/wasadm/node/sam.js/node_modules/pg-promise/node_modules/pg-core/lib/connection.js:371:25)
    at Socket.<anonymous> (/home/wasadm/node/sam.js/node_modules/pg-promise/node_modules/pg-core/lib/connection.js:108:28)
    at Socket.emit (events.js:107:17)
    at readableAddChunk (_stream_readable.js:163:16)
    at Socket.Readable.push (_stream_readable.js:126:10)
    at TCP.onread (net.js:538:20)
2015-11-17T14:56:53.087Z - debug:  error: relation "farm_iii" does not exist
    at Connection.parseE (/home/wasadm/node/sam.js/node_modules/pg-promise/node_modules/pg-core/lib/connection.js:543:15)
    at Connection.parseMessage (/home/wasadm/node/sam.js/node_modules/pg-promise/node_modules/pg-core/lib/connection.js:371:25)
    at Socket.<anonymous> (/home/wasadm/node/sam.js/node_modules/pg-promise/node_modules/pg-core/lib/connection.js:108:28)
    at Socket.emit (events.js:107:17)
    at readableAddChunk (_stream_readable.js:163:16)
    at Socket.Readable.push (_stream_readable.js:126:10)
    at TCP.onread (net.js:538:20)
2015-11-17T14:59:05.860Z - debug:  error: relation "farm_iii" does not exist
    at Connection.parseE (/home/wasadm/node/sam.js/node_modules/pg-promise/node_modules/pg-core/lib/connection.js:543:15)
    at Connection.parseMessage (/home/wasadm/node/sam.js/node_modules/pg-promise/node_modules/pg-core/lib/connection.js:371:25)
    at Socket.<anonymous> (/home/wasadm/node/sam.js/node_modules/pg-promise/node_modules/pg-core/lib/connection.js:108:28)
    at Socket.emit (events.js:107:17)
    at readableAddChunk (_stream_readable.js:163:16)
    at Socket.Readable.push (_stream_readable.js:126:10)
    at TCP.onread (net.js:538:20)
2015-11-17T14:59:08.623Z - debug:  error: relation "farm_iii" does not exist
    at Connection.parseE (/home/wasadm/node/sam.js/node_modules/pg-promise/node_modules/pg-core/lib/connection.js:543:15)
    at Connection.parseMessage (/home/wasadm/node/sam.js/node_modules/pg-promise/node_modules/pg-core/lib/connection.js:371:25)
    at Socket.<anonymous> (/home/wasadm/node/sam.js/node_modules/pg-promise/node_modules/pg-core/lib/connection.js:108:28)
    at Socket.emit (events.js:107:17)
    at readableAddChunk (_stream_readable.js:163:16)
    at Socket.Readable.push (_stream_readable.js:126:10)
    at TCP.onread (net.js:538:20)
2015-11-17T14:59:39.945Z - debug:  error: relation "farm_iii" does not exist
    at Connection.parseE (/home/wasadm/node/sam.js/node_modules/pg-promise/node_modules/pg-core/lib/connection.js:543:15)
    at Connection.parseMessage (/home/wasadm/node/sam.js/node_modules/pg-promise/node_modules/pg-core/lib/connection.js:371:25)
    at Socket.<anonymous> (/home/wasadm/node/sam.js/node_modules/pg-promise/node_modules/pg-core/lib/connection.js:108:28)
    at Socket.emit (events.js:107:17)
    at readableAddChunk (_stream_readable.js:163:16)
    at Socket.Readable.push (_stream_readable.js:126:10)
    at TCP.onread (net.js:538:20)
2015-11-17T15:18:34.173Z - debug:  error: relation "farm_iii" does not exist
    at Connection.parseE (/home/wasadm/node/sam.js/node_modules/pg-promise/node_modules/pg-core/lib/connection.js:543:15)
    at Connection.parseMessage (/home/wasadm/node/sam.js/node_modules/pg-promise/node_modules/pg-core/lib/connection.js:371:25)
    at Socket.<anonymous> (/home/wasadm/node/sam.js/node_modules/pg-promise/node_modules/pg-core/lib/connection.js:108:28)
    at Socket.emit (events.js:107:17)
    at readableAddChunk (_stream_readable.js:163:16)
    at Socket.Readable.push (_stream_readable.js:126:10)
    at TCP.onread (net.js:538:20)
2015-11-17T15:20:01.938Z - debug:  error: relation "farm_iii" does not exist
    at Connection.parseE (/home/wasadm/node/sam.js/node_modules/pg-promise/node_modules/pg-core/lib/connection.js:543:15)
    at Connection.parseMessage (/home/wasadm/node/sam.js/node_modules/pg-promise/node_modules/pg-core/lib/connection.js:371:25)
    at Socket.<anonymous> (/home/wasadm/node/sam.js/node_modules/pg-promise/node_modules/pg-core/lib/connection.js:108:28)
    at Socket.emit (events.js:107:17)
    at readableAddChunk (_stream_readable.js:163:16)
    at Socket.Readable.push (_stream_readable.js:126:10)
    at TCP.onread (net.js:538:20)
2015-11-17T15:20:05.103Z - debug:  error: relation "farm_iii" does not exist
    at Connection.parseE (/home/wasadm/node/sam.js/node_modules/pg-promise/node_modules/pg-core/lib/connection.js:543:15)
    at Connection.parseMessage (/home/wasadm/node/sam.js/node_modules/pg-promise/node_modules/pg-core/lib/connection.js:371:25)
    at Socket.<anonymous> (/home/wasadm/node/sam.js/node_modules/pg-promise/node_modules/pg-core/lib/connection.js:108:28)
    at Socket.emit (events.js:107:17)
    at readableAddChunk (_stream_readable.js:163:16)
    at Socket.Readable.push (_stream_readable.js:126:10)
    at TCP.onread (net.js:538:20)
2015-11-17T15:20:07.045Z - debug:  error: relation "farm_iii" does not exist
    at Connection.parseE (/home/wasadm/node/sam.js/node_modules/pg-promise/node_modules/pg-core/lib/connection.js:543:15)
    at Connection.parseMessage (/home/wasadm/node/sam.js/node_modules/pg-promise/node_modules/pg-core/lib/connection.js:371:25)
    at Socket.<anonymous> (/home/wasadm/node/sam.js/node_modules/pg-promise/node_modules/pg-core/lib/connection.js:108:28)
    at Socket.emit (events.js:107:17)
    at readableAddChunk (_stream_readable.js:163:16)
    at Socket.Readable.push (_stream_readable.js:126:10)
    at TCP.onread (net.js:538:20)
2015-11-17T15:20:08.796Z - debug:  error: relation "farm_iii" does not exist
    at Connection.parseE (/home/wasadm/node/sam.js/node_modules/pg-promise/node_modules/pg-core/lib/connection.js:543:15)
    at Connection.parseMessage (/home/wasadm/node/sam.js/node_modules/pg-promise/node_modules/pg-core/lib/connection.js:371:25)
    at Socket.<anonymous> (/home/wasadm/node/sam.js/node_modules/pg-promise/node_modules/pg-core/lib/connection.js:108:28)
    at Socket.emit (events.js:107:17)
    at readableAddChunk (_stream_readable.js:163:16)
    at Socket.Readable.push (_stream_readable.js:126:10)
    at TCP.onread (net.js:538:20)
2015-11-17T15:20:10.570Z - debug:  error: relation "farm_iii" does not exist
    at Connection.parseE (/home/wasadm/node/sam.js/node_modules/pg-promise/node_modules/pg-core/lib/connection.js:543:15)
    at Connection.parseMessage (/home/wasadm/node/sam.js/node_modules/pg-promise/node_modules/pg-core/lib/connection.js:371:25)
    at Socket.<anonymous> (/home/wasadm/node/sam.js/node_modules/pg-promise/node_modules/pg-core/lib/connection.js:108:28)
    at Socket.emit (events.js:107:17)
    at readableAddChunk (_stream_readable.js:163:16)
    at Socket.Readable.push (_stream_readable.js:126:10)
    at TCP.onread (net.js:538:20)
2015-11-17T15:20:12.421Z - debug:  error: relation "farm_iii" does not exist
    at Connection.parseE (/home/wasadm/node/sam.js/node_modules/pg-promise/node_modules/pg-core/lib/connection.js:543:15)
    at Connection.parseMessage (/home/wasadm/node/sam.js/node_modules/pg-promise/node_modules/pg-core/lib/connection.js:371:25)
    at Socket.<anonymous> (/home/wasadm/node/sam.js/node_modules/pg-promise/node_modules/pg-core/lib/connection.js:108:28)
    at Socket.emit (events.js:107:17)
    at readableAddChunk (_stream_readable.js:163:16)
    at Socket.Readable.push (_stream_readable.js:126:10)
    at TCP.onread (net.js:538:20)
2015-11-17T15:20:17.029Z - debug:  error: relation "farm_iii" does not exist
    at Connection.parseE (/home/wasadm/node/sam.js/node_modules/pg-promise/node_modules/pg-core/lib/connection.js:543:15)
    at Connection.parseMessage (/home/wasadm/node/sam.js/node_modules/pg-promise/node_modules/pg-core/lib/connection.js:371:25)
    at Socket.<anonymous> (/home/wasadm/node/sam.js/node_modules/pg-promise/node_modules/pg-core/lib/connection.js:108:28)
    at Socket.emit (events.js:107:17)
    at readableAddChunk (_stream_readable.js:163:16)
    at Socket.Readable.push (_stream_readable.js:126:10)
    at TCP.onread (net.js:538:20)
